\BOOKMARK [1][-]{section.1}{\376\377\137\025\212\000}{}% 1
\BOOKMARK [2][-]{subsection.1.1}{\376\377\170\024\172\166\200\314\146\157\116\016\172\000\177\072\140\047}{section.1}% 2
\BOOKMARK [2][-]{subsection.1.2}{\376\377\135\345\116\032\227\000\154\102\116\367\120\074}{section.1}% 3
\BOOKMARK [1][-]{section.2}{\376\377\200\314\146\157\116\016\174\373\176\337\213\276\177\156}{}% 4
\BOOKMARK [2][-]{subsection.2.1}{\376\377\127\372\136\247\152\041\127\213\211\304\150\074}{section.2}% 5
\BOOKMARK [2][-]{subsection.2.2}{\376\377\135\345\172\013\127\072\146\157\133\232\116\111}{section.2}% 6
\BOOKMARK [2][-]{subsection.2.3}{\376\377\123\237\165\037\131\047\213\355\212\000\152\041\127\213\166\204\134\100\226\120\140\047}{section.2}% 7
\BOOKMARK [1][-]{section.3}{\376\377\174\373\176\337\166\204\145\160\143\156\226\306\147\204\136\372}{}% 8
\BOOKMARK [2][-]{subsection.3.1}{\376\377\123\237\131\313\145\160\143\156\145\066\226\306\116\016\147\145\156\220}{section.3}% 9
\BOOKMARK [2][-]{subsection.3.2}{\376\377\173\133\220\011\060\001\123\273\221\315\116\016\215\050\221\317\143\247\122\066}{section.3}% 10
\BOOKMARK [3][-]{subsubsection.3.2.1}{\376\377\145\160\143\156\156\005\155\027\123\273\221\315}{subsection.3.2}% 11
\BOOKMARK [3][-]{subsubsection.3.2.2}{\376\377\131\047\152\041\127\213\215\050\221\317\142\123\122\006\121\300\123\026}{subsection.3.2}% 12
\BOOKMARK [2][-]{subsection.3.3}{\376\377\145\160\143\156\122\006\136\003\116\016\176\337\213\241}{section.3}% 13
\BOOKMARK [2][-]{subsection.3.4}{\376\377\145\160\143\156\130\236\137\072\173\126\165\145}{section.3}% 14
\BOOKMARK [1][-]{section.4}{\376\377\152\041\127\213\137\256\214\003\116\016\140\047\200\375\143\320\123\107\215\357\176\277}{}% 15
\BOOKMARK [2][-]{subsection.4.1}{\376\377\152\041\127\213\137\256\214\003}{section.4}% 16
\BOOKMARK [2][-]{subsection.4.2}{\376\377\140\047\200\375\143\320\123\107\215\357\176\277\377\032\116\316\000\040\0003\000.\0008\000\045\000\040\122\060\000\040\0009\000.\0006\000\045\000\040\166\204\232\214\213\301\116\016\124\016\176\355\145\271\124\021}{section.4}% 17
\BOOKMARK [3][-]{subsubsection.4.2.1}{\376\377\135\362\213\306\122\053\166\204\164\366\230\210}{subsection.4.2}% 18
\BOOKMARK [3][-]{subsubsection.4.2.2}{\376\377\145\071\217\333\145\271\150\110\377\010\127\050\137\123\122\115\170\154\116\366\116\012\135\362\131\047\220\350\122\006\232\214\213\301\377\011}{subsection.4.2}% 19
\BOOKMARK [3][-]{subsubsection.4.2.3}{\376\377\225\177\147\037\145\271\124\021\377\010\227\000\211\201\146\364\131\032\215\104\156\220\377\011}{subsection.4.2}% 20
\BOOKMARK [1][-]{section.5}{\376\377\133\236\232\214\213\304\117\060}{}% 21
\BOOKMARK [2][-]{subsection.5.1}{\376\377\133\236\232\214\213\276\177\156}{section.5}% 22
\BOOKMARK [2][-]{subsection.5.2}{\376\377\127\372\136\247\152\041\127\213\127\372\121\306\155\113\213\325}{section.5}% 23
\BOOKMARK [2][-]{subsection.5.3}{\376\377\000L\000o\000R\000A\000\040\137\256\214\003\133\236\232\214\176\323\147\234}{section.5}% 24
\BOOKMARK [2][-]{subsection.5.4}{\376\377\140\047\200\375\164\366\230\210\143\222\147\345\133\236\232\214}{section.5}% 25
\BOOKMARK [2][-]{subsection.5.5}{\376\377\142\323\142\121\213\304\117\060\377\010\213\276\213\241\226\066\153\265\377\011}{section.5}% 26
\BOOKMARK [1][-]{section.6}{\376\377\133\236\213\301\122\006\147\220}{}% 27
\BOOKMARK [2][-]{subsection.6.1}{\376\377\127\372\136\247\152\041\127\213\131\061\145\110\152\041\137\017\122\006\147\220}{section.6}% 28
\BOOKMARK [2][-]{subsection.6.2}{\376\377\137\256\214\003\133\371\217\223\121\372\166\204\145\071\123\330\040\024\040\024\153\143\227\142\145\110\147\234\116\016\137\123\122\115\134\100\226\120}{section.6}% 29
\BOOKMARK [2][-]{subsection.6.3}{\376\377\145\160\143\156\226\306\166\204\215\041\163\056}{section.6}% 30
\BOOKMARK [1][-]{section.7}{\376\377\140\073\176\323\116\016\134\100\226\120\140\047}{}% 31
\BOOKMARK [2][-]{subsection.7.1}{\376\377\116\073\211\201\215\041\163\056\116\016\137\123\122\115\217\333\134\125}{section.7}% 32
\BOOKMARK [2][-]{subsection.7.2}{\376\377\135\362\213\306\122\053\166\204\225\356\230\230\116\016\145\131\213\255}{section.7}% 33
\BOOKMARK [2][-]{subsection.7.3}{\376\377\134\100\226\120\140\047}{section.7}% 34
\BOOKMARK [2][-]{subsection.7.4}{\376\377\134\125\147\033}{section.7}% 35
